<?xml version="1.0" encoding="UTF-8"?>
<!-- Generated by org.testng.reporters.JUnitReportReporter -->
<testsuite hostname="LAPTOP-ESVJC6Q0" failures="0" tests="1" name="TestNG_Demo.Car_Loan" time="0.008" errors="0" timestamp="2024-03-23T11:00:56 IST" skipped="0">
  <testcase classname="TestNG_Demo.Car_Loan" name="CLuser3" time="0.008"/>
</testsuite> <!-- TestNG_Demo.Car_Loan -->
