<?xml version="1.0" encoding="UTF-8"?>
<!-- Generated by org.testng.reporters.JUnitReportReporter -->
<testsuite hostname="LAPTOP-ESVJC6Q0" failures="0" tests="2" name="TestNG_Demo.PersonalLoan" time="0.006" errors="0" timestamp="2024-03-22T11:39:59 IST" skipped="0">
  <testcase classname="TestNG_Demo.PersonalLoan" name="Personalloanuser1" time="0.004"/>
  <testcase classname="TestNG_Demo.PersonalLoan" name="Personalloanuser2" time="0.002"/>
</testsuite> <!-- TestNG_Demo.PersonalLoan -->
