<?xml version="1.0" encoding="UTF-8"?>
<!-- Generated by org.testng.reporters.JUnitReportReporter -->
<testsuite hostname="LAPTOP-ESVJC6Q0" failures="0" tests="3" name="TestNG_Demo.Car_Loan" time="0.009" errors="0" timestamp="2024-03-22T09:41:41 IST" skipped="0">
  <testcase classname="TestNG_Demo.Car_Loan" name="carloanuser1" time="0.002"/>
  <testcase classname="TestNG_Demo.Car_Loan" name="carloanuser3" time="0.003"/>
  <testcase classname="TestNG_Demo.Car_Loan" name="carloanuser2" time="0.004"/>
</testsuite> <!-- TestNG_Demo.Car_Loan -->
