<?xml version="1.0" encoding="UTF-8"?>
<!-- Generated by org.testng.reporters.JUnitReportReporter -->
<testsuite hostname="LAPTOP-ESVJC6Q0" failures="0" tests="3" name="TestNG_Demo.Mobile_Loan" time="0.008" errors="0" timestamp="2024-03-23T11:45:17 IST" skipped="0">
  <testcase classname="TestNG_Demo.Mobile_Loan" name="MBuser2" time="0.004"/>
  <testcase classname="TestNG_Demo.Mobile_Loan" name="MBuser3" time="0.002"/>
  <testcase classname="TestNG_Demo.Mobile_Loan" name="MBuser1" time="0.002"/>
</testsuite> <!-- TestNG_Demo.Mobile_Loan -->
