<?xml version="1.0" encoding="UTF-8"?>
<!-- Generated by org.testng.reporters.JUnitReportReporter -->
<testsuite hostname="LAPTOP-ESVJC6Q0" failures="0" tests="3" name="TestNG_Demo.Home_Loan" time="0.011" errors="0" timestamp="2024-03-22T09:41:41 IST" skipped="0">
  <testcase classname="TestNG_Demo.Home_Loan" name="homeloanuser1" time="0.009"/>
  <testcase classname="TestNG_Demo.Home_Loan" name="homeloanuser2" time="0.001"/>
  <testcase classname="TestNG_Demo.Home_Loan" name="homeloanuser3" time="0.001"/>
</testsuite> <!-- TestNG_Demo.Home_Loan -->
