<?xml version="1.0" encoding="UTF-8"?>
<!-- Generated by org.testng.reporters.JUnitReportReporter -->
<testsuite hostname="LAPTOP-ESVJC6Q0" failures="0" tests="1" name="TestNG_Demo.Home_Loan" time="0.004" errors="0" timestamp="2024-03-23T11:00:56 IST" skipped="0">
  <testcase classname="TestNG_Demo.Home_Loan" name="HLuser1" time="0.004"/>
</testsuite> <!-- TestNG_Demo.Home_Loan -->
