<?xml version="1.0" encoding="UTF-8"?>
<!-- Generated by org.testng.reporters.JUnitReportReporter -->
<testsuite hostname="LAPTOP-ESVJC6Q0" failures="0" tests="2" name="TestNG_Demo.Personal_Loan" time="0.012" errors="0" timestamp="2024-03-23T11:45:17 IST" skipped="0">
  <testcase classname="TestNG_Demo.Personal_Loan" name="PLuser1" time="0.008"/>
  <testcase classname="TestNG_Demo.Personal_Loan" name="PLuser2" time="0.004"/>
</testsuite> <!-- TestNG_Demo.Personal_Loan -->
